<?xml version="1.0" encoding="UTF-8"?>
<!-- Generated by org.testng.reporters.JUnitXMLReporter -->
<testsuite ignored="0" hostname="UvarajaugamsMBP.lan" failures="0" tests="2" name="Default test" time="17.669" errors="0" timestamp="2024-05-30T15:29:41 EDT">
  <testcase classname="SeleniumFramework.SeleniumFramework.ErrorValidation" name="loginErrorValidation" time="0.995"/>
  <testcase classname="SeleniumFramework.SeleniumFramework.ErrorValidation" name="productErrorValidation" time="3.367"/>
</testsuite> <!-- Default test -->
