<?xml version="1.0" encoding="UTF-8"?>
<!-- Generated by org.testng.reporters.JUnitXMLReporter -->
<testsuite ignored="0" hostname="UvarajaugamsMBP.lan" failures="0" tests="3" name="ErrorValidation" time="102.922" errors="0" timestamp="2024-05-30T15:30:17 EDT">
  <testcase classname="SeleniumFramework.SeleniumFramework.ErrorValidation" name="loginErrorValidation" time="80.891">
    <skipped/>
  </testcase> <!-- loginErrorValidation -->
  <testcase classname="SeleniumFramework.SeleniumFramework.ErrorValidation" name="loginErrorValidation" time="1.161"/>
  <testcase classname="SeleniumFramework.SeleniumFramework.ErrorValidation" name="productErrorValidation" time="2.933"/>
</testsuite> <!-- ErrorValidation -->
